<?xml version="1.0" encoding="UTF-8"?>
<!-- Generated by org.testng.reporters.JUnitReportReporter -->
<testsuite hostname="DESKTOP-F5KFQ35" name="com.fbtestautomation.selenium.Testclassmaven" tests="1" failures="0" timestamp="16 Feb 2019 00:17:21 GMT" time="0.007" errors="0">
  <testcase name="sum" time="0.007" classname="com.fbtestautomation.selenium.Testclassmaven"/>
</testsuite>
